\BOOKMARK [0][-]{chapter.1}{\376\377\000P\000r\000e\000l\000i\000m\000i\000n\000a\000r\000e\000s}{}% 1
\BOOKMARK [1][-]{section.1.1}{\376\377\000I\000n\000f\000e\000r\000e\000n\000c\000i\000a\000\040\000b\000a\000y\000e\000s\000i\000a\000n\000a}{chapter.1}% 2
\BOOKMARK [1][-]{section.1.2}{\376\377\000T\000e\000o\000r\000e\000m\000a\000\040\000d\000e\000\040\000B\000a\000y\000e\000s}{chapter.1}% 3
\BOOKMARK [1][-]{section.1.3}{\376\377\000M\000\351\000t\000o\000d\000o\000\040\000M\000o\000n\000t\000e\000\040\000C\000a\000r\000l\000o\000\040\000v\000\355\000a\000\040\000C\000a\000d\000e\000n\000a\000s\000\040\000d\000e\000\040\000M\000a\000r\000k\000o\000v\000\040\000\050\000M\000C\000M\000C\000\051\000[\000J\000i\000m\000\351\000n\000e\000z\000\040\000\050\0002\0000\0001\0005\000\051\000]}{chapter.1}% 4
\BOOKMARK [2][-]{subsection.1.3.1}{\376\377\000A\000l\000g\000o\000r\000i\000t\000m\000o\000\040\000d\000e\000\040\000M\000e\000t\000r\000o\000p\000o\000l\000i\000s\000\040\000H\000a\000s\000t\000i\000n\000g\000s}{section.1.3}% 5
\BOOKMARK [2][-]{subsection.1.3.2}{\376\377\000M\000u\000e\000s\000t\000r\000a\000d\000o\000r\000\040\000d\000e\000\040\000G\000i\000b\000b\000s}{section.1.3}% 6
\BOOKMARK [1][-]{section.1.4}{\376\377\000A\000l\000g\000u\000n\000o\000s\000\040\000d\000i\000a\000g\000n\000\363\000s\000t\000i\000c\000o\000s\000\040\000d\000e\000\040\000c\000o\000n\000v\000e\000r\000g\000e\000n\000c\000i\000a\000\040\000p\000a\000r\000a\000\040\000l\000o\000s\000\040\000p\000a\000r\000\341\000m\000e\000t\000r\000o\000s\000\040\000e\000s\000t\000i\000m\000a\000d\000o\000s}{chapter.1}% 7
\BOOKMARK [2][-]{subsection.1.4.1}{\376\377\000M\000\351\000t\000o\000d\000o\000\040\000G\000e\000w\000e\000k\000e\000\040\000[\000G\000e\000w\000e\000k\000e\000\040\000\050\0001\0009\0009\0002\000\051\000]}{section.1.4}% 8
\BOOKMARK [2][-]{subsection.1.4.2}{\376\377\000M\000\351\000t\000o\000d\000o\000\040\000H\000e\000i\000d\000e\000l\000b\000e\000r\000g\000e\000r\000-\000W\000e\000l\000c\000h}{section.1.4}% 9
\BOOKMARK [2][-]{subsection.1.4.3}{\376\377\000M\000\351\000t\000o\000d\000o\000\040\000G\000e\000l\000m\000a\000n\000\040\000a\000n\000d\000\040\000R\000u\000b\000i\000n}{section.1.4}% 10
\BOOKMARK [2][-]{subsection.1.4.4}{\376\377\000M\000\351\000t\000o\000d\000o\000\040\000R\000a\000f\000t\000e\000r\000y\000\040\000a\000n\000d\000\040\000L\000e\000w\000i\000s}{section.1.4}% 11
\BOOKMARK [1][-]{section.1.5}{\376\377\000F\000u\000n\000c\000i\000o\000n\000e\000s\000\040\000c\000\363\000p\000u\000l\000a}{chapter.1}% 12
\BOOKMARK [1][-]{section.1.6}{\376\377\000D\000e\000f\000i\000n\000i\000c\000i\000\363\000n\000\040\000d\000e\000\040\000f\000u\000n\000c\000i\000\363\000n\000\040\000C\000\363\000p\000u\000l\000a\000[\000N\000e\000l\000s\000e\000n\000\040\000\050\0002\0000\0000\0006\000\051\000\040\000n\000e\000l\000s\000e\000n\000]}{chapter.1}% 13
\BOOKMARK [1][-]{section.1.7}{\376\377\000C\000\363\000p\000u\000l\000a\000\040\000F\000a\000r\000l\000i\000e\000-\000G\000u\000m\000b\000e\000l\000-\000M\000o\000r\000g\000e\000n\000s\000t\000e\000r\000n\000\040\000\050\000F\000G\000M\000\051}{chapter.1}% 14
\BOOKMARK [0][-]{chapter.2}{\376\377\000M\000o\000d\000e\000l\000o\000s\000\040\000u\000n\000i\000v\000a\000r\000i\000a\000d\000o\000s\000\040\000p\000a\000r\000a\000\040\000l\000o\000s\000\040\000c\000o\000n\000t\000a\000m\000i\000n\000a\000n\000t\000e\000s\000\040\000P\000M\0001\0000\000,\000\040\000P\000M\0002\000.\0005\000\040\000y\000\040\000O\0003}{}% 15
\BOOKMARK [1][-]{section.2.1}{\376\377\000D\000e\000s\000c\000r\000i\000p\000c\000i\000\363\000n\000\040\000d\000e\000\040\000l\000o\000s\000\040\000d\000a\000t\000o\000s}{chapter.2}% 16
\BOOKMARK [2][-]{subsection.2.1.1}{\376\377\000M\000a\000t\000e\000r\000i\000a\000l\000\040\000p\000a\000r\000t\000i\000c\000u\000l\000a\000d\000o\000\040\000d\000e\000\040\0001\0000\000m\000\040\000y\000\040\0002\000.\0005\000m\000\040\000\050\000P\000M\0001\0000\000\051\000\040\000y\000\040\000\050\000P\000M\0002\000.\0005\000\051\000\040\000r\000e\000s\000p\000e\000c\000t\000i\000v\000a\000m\000e\000n\000t\000e\000.}{section.2.1}% 17
\BOOKMARK [2][-]{subsection.2.1.2}{\376\377\000O\000z\000o\000n\000o\000\040\000\050\000O\0003\000\051}{section.2.1}% 18
\BOOKMARK [1][-]{section.2.2}{\376\377\000R\000e\000g\000l\000a\000m\000e\000n\000t\000a\000c\000i\000\363\000n}{chapter.2}% 19
\BOOKMARK [1][-]{section.2.3}{\376\377\000D\000a\000t\000o\000s\000\040\000d\000e\000\040\000l\000o\000s\000\040\000t\000r\000e\000s\000\040\000c\000o\000n\000t\000a\000m\000i\000n\000a\000n\000t\000e\000s\000:}{chapter.2}% 20
\BOOKMARK [1][-]{section.2.4}{\376\377\000S\000i\000n\000\040\000p\000u\000n\000t\000o\000s\000\040\000d\000e\000\040\000c\000a\000m\000b\000i\000o}{chapter.2}% 21
\BOOKMARK [1][-]{section.2.5}{\376\377\000U\000n\000\040\000p\000u\000n\000t\000o\000\040\000d\000e\000\040\000c\000a\000m\000b\000i\000o}{chapter.2}% 22
\BOOKMARK [1][-]{section.2.6}{\376\377\000D\000o\000s\000\040\000p\000u\000n\000t\000o\000s\000\040\000d\000e\000\040\000c\000a\000m\000b\000i\000o\000:}{chapter.2}% 23
\BOOKMARK [1][-]{section.2.7}{\376\377\000P\000o\000l\000\355\000t\000i\000c\000a\000\040\000p\000\372\000b\000l\000i\000c\000a\000:}{chapter.2}% 24
\BOOKMARK [0][-]{chapter.3}{\376\377\000D\000i\000a\000g\000n\000\363\000s\000t\000i\000c\000o\000\040\000d\000e\000\040\000c\000o\000n\000v\000e\000r\000g\000e\000n\000c\000i\000a\000s}{}% 25
\BOOKMARK [1][-]{section.3.1}{\376\377\000S\000i\000n\000\040\000p\000u\000n\000t\000o\000s\000\040\000d\000e\000\040\000c\000a\000m\000b\000i\000o}{chapter.3}% 26
\BOOKMARK [1][-]{section.3.2}{\376\377\000U\000n\000\040\000p\000u\000n\000t\000o\000\040\000d\000e\000\040\000c\000a\000m\000b\000i\000o}{chapter.3}% 27
\BOOKMARK [1][-]{section.3.3}{\376\377\000D\000o\000s\000\040\000p\000u\000n\000t\000o\000s\000\040\000d\000e\000\040\000c\000a\000m\000b\000i\000o}{chapter.3}% 28
\BOOKMARK [0][-]{chapter.4}{\376\377\000M\000o\000d\000e\000l\000o\000s\000\040\000u\000n\000i\000v\000a\000r\000i\000a\000d\000o\000s\000\040\000p\000a\000r\000a\000\040\000l\000o\000s\000\040\000p\000a\000r\000e\000s\000\040\000d\000e\000\040\000l\000o\000s\000\040\000c\000o\000n\000t\000a\000m\000i\000n\000a\000n\000t\000e\000s\000\040\000P\000M\0001\0000\000,\000\040\000P\000M\0002\000.\0005\000\040\000y\000\040\000O\0003}{}% 29
\BOOKMARK [1][-]{section.4.1}{\376\377\000C\000o\000r\000r\000e\000l\000a\000c\000i\000\363\000n\000\040\000d\000e\000\040\000d\000o\000s\000\040\000p\000r\000o\000c\000e\000s\000o\000s\000\040\000e\000s\000t\000o\000c\000\341\000s\000t\000i\000c\000o\000s}{chapter.4}% 30
\BOOKMARK [2][-]{subsection.4.1.1}{\376\377\000C\000o\000r\000r\000e\000l\000a\000c\000i\000\363\000n\000,\000\040\000,\000\040\000e\000n\000t\000r\000e\000\040\000l\000o\000s\000\040\000c\000o\000n\000t\000a\000m\000i\000n\000a\000n\000t\000e\000s\000\040\000P\000M\0001\0000\000\040\000y\000\040\000O\0003\000\040}{section.4.1}% 31
\BOOKMARK [2][-]{subsection.4.1.2}{\376\377\000C\000o\000r\000r\000e\000l\000a\000c\000i\000\363\000n\000,\000\040\000,\000\040\000e\000n\000t\000r\000e\000\040\000l\000o\000s\000\040\000c\000o\000n\000t\000a\000m\000i\000n\000a\000n\000t\000e\000s\000\040\000P\000M\0002\000.\0005\000\040\000y\000\040\000O\0003\000\040}{section.4.1}% 32
\BOOKMARK [2][-]{subsection.4.1.3}{\376\377\000C\000o\000r\000r\000e\000l\000a\000c\000i\000\363\000n\000,\000\040\000,\000\040\000e\000n\000t\000r\000e\000\040\000l\000o\000s\000\040\000c\000o\000n\000t\000a\000m\000i\000n\000a\000n\000t\000e\000s\000\040\000P\000M\0002\000.\0005\000\040\000y\000\040\000P\000M\0001\0000\000\040}{section.4.1}% 33
\BOOKMARK [0][-]{chapter.5}{\376\377\000C\000o\000n\000c\000l\000u\000s\000i\000o\000n\000e\000s\000\040\000y\000\040\000c\000o\000n\000s\000i\000d\000e\000r\000a\000c\000i\000o\000n\000e\000s}{}% 34
\BOOKMARK [1][-]{section.5.1}{\376\377\000C\000o\000n\000c\000l\000u\000s\000i\000o\000n\000e\000s}{chapter.5}% 35
\BOOKMARK [1][-]{section.5.2}{\376\377\000C\000o\000n\000s\000i\000d\000e\000r\000a\000c\000i\000o\000n\000e\000s}{chapter.5}% 36
